-------------------------------------------------------------------------------
Test set: ParallelFirefoxTest
-------------------------------------------------------------------------------
Tests run: 2, Failures: 0, Errors: 2, Skipped: 0, Time elapsed: 2.532 s <<< FAILURE! - in ParallelFirefoxTest
Testing Gmail(Google)  Time elapsed: 1.389 s  <<< ERROR!
net.thucydides.core.webdriver.DriverConfigurationError: Could not instantiate class net.thucydides.core.webdriver.ProvidedDriver
Caused by: net.thucydides.core.webdriver.DriverConfigurationError: 
WebDriver was unable to create a new instance of type class net.thucydides.core.webdriver.ProvidedDriver
WebDriver reported the following message: null
See below for more details.
Caused by: java.lang.NullPointerException

Test Google title(Testing Google)  Time elapsed: 0.072 s  <<< ERROR!
net.thucydides.core.webdriver.DriverConfigurationError: Could not instantiate class net.thucydides.core.webdriver.ProvidedDriver
Caused by: net.thucydides.core.webdriver.DriverConfigurationError: 
WebDriver was unable to create a new instance of type class net.thucydides.core.webdriver.ProvidedDriver
WebDriver reported the following message: null
See below for more details.
Caused by: java.lang.NullPointerException

