<?xml version="1.0" encoding="UTF-8"?>
<testsuite xmlns:xsi="http://www.w3.org/2001/XMLSchema-instance" xsi:noNamespaceSchemaLocation="https://maven.apache.org/surefire/maven-surefire-plugin/xsd/surefire-test-report.xsd" name="ParallelFirefoxTest" time="2.532" tests="2" errors="2" skipped="0" failures="0">
  <properties>
[...]
</properties>
  <testcase name="Testing Gmail" classname="Google" time="1.389">
    <error message="Could not instantiate class net.thucydides.core.webdriver.ProvidedDriver" type="net.thucydides.core.webdriver.DriverConfigurationError">net.thucydides.core.webdriver.DriverConfigurationError: Could not instantiate class net.thucydides.core.webdriver.ProvidedDriver
Caused by: net.thucydides.core.webdriver.DriverConfigurationError: 
WebDriver was unable to create a new instance of type class net.thucydides.core.webdriver.ProvidedDriver
WebDriver reported the following message: null
See below for more details.
Caused by: java.lang.NullPointerException
</error>
    <system-out><![CDATA[-----------****************--------Testing Gmail
Launched
-------environmentnull---brnull
[DEBUG] 2023-05-15 19:55:41.005 [main] InternalLoggerFactory - Using Log4J2 as the default logging framework
[DEBUG] 2023-05-15 19:55:41.009 [main] ResourceLeakDetector - -Dio.netty.leakDetection.level: simple
[DEBUG] 2023-05-15 19:55:41.009 [main] ResourceLeakDetector - -Dio.netty.leakDetection.targetRecords: 4
[DEBUG] 2023-05-15 19:55:41.012 [main] ResourceLeakDetectorFactory - Loaded default ResourceLeakDetector: io.netty.util.ResourceLeakDetector@1c1fa494
[DEBUG] 2023-05-15 19:55:41.021 [main] PlatformDependent0 - -Dio.netty.noUnsafe: false
[DEBUG] 2023-05-15 19:55:41.021 [main] PlatformDependent0 - Java version: 11
[DEBUG] 2023-05-15 19:55:41.022 [main] PlatformDependent0 - sun.misc.Unsafe.theUnsafe: available
[DEBUG] 2023-05-15 19:55:41.022 [main] PlatformDependent0 - sun.misc.Unsafe.copyMemory: available
[DEBUG] 2023-05-15 19:55:41.022 [main] PlatformDependent0 - sun.misc.Unsafe.storeFence: available
[DEBUG] 2023-05-15 19:55:41.022 [main] PlatformDependent0 - java.nio.Buffer.address: available
[DEBUG] 2023-05-15 19:55:41.023 [main] PlatformDependent0 - direct buffer constructor: unavailable: Reflective setAccessible(true) disabled
[DEBUG] 2023-05-15 19:55:41.023 [main] PlatformDependent0 - java.nio.Bits.unaligned: available, true
[DEBUG] 2023-05-15 19:55:41.023 [main] PlatformDependent0 - jdk.internal.misc.Unsafe.allocateUninitializedArray(int): unavailable: class io.netty.util.internal.PlatformDependent0$7 cannot access class jdk.internal.misc.Unsafe (in module java.base) because module java.base does not export jdk.internal.misc to unnamed module @3b220bcb
[DEBUG] 2023-05-15 19:55:41.024 [main] PlatformDependent0 - java.nio.DirectByteBuffer.<init>(long, int): unavailable
[DEBUG] 2023-05-15 19:55:41.024 [main] PlatformDependent - sun.misc.Unsafe: available
[DEBUG] 2023-05-15 19:55:41.024 [main] PlatformDependent - maxDirectMemory: 4294967296 bytes (maybe)
[DEBUG] 2023-05-15 19:55:41.024 [main] PlatformDependent - -Dio.netty.tmpdir: /var/folders/h3/8sbq2sjs45l6jgx9q_hyv7mh0000gq/T (java.io.tmpdir)
[DEBUG] 2023-05-15 19:55:41.024 [main] PlatformDependent - -Dio.netty.bitMode: 64 (sun.arch.data.model)
[DEBUG] 2023-05-15 19:55:41.024 [main] PlatformDependent - Platform: MacOS
[DEBUG] 2023-05-15 19:55:41.025 [main] PlatformDependent - -Dio.netty.maxDirectMemory: -1 bytes
[DEBUG] 2023-05-15 19:55:41.025 [main] PlatformDependent - -Dio.netty.uninitializedArrayAllocationThreshold: -1
[DEBUG] 2023-05-15 19:55:41.025 [main] CleanerJava9 - java.nio.ByteBuffer.cleaner(): available
[DEBUG] 2023-05-15 19:55:41.025 [main] PlatformDependent - -Dio.netty.noPreferDirect: false
[DEBUG] 2023-05-15 19:55:41.029 [main] PlatformDependent - org.jctools-core.MpscChunkedArrayQueue: available
[DEBUG] 2023-05-15 19:55:41.042 [main] InternalThreadLocalMap - -Dio.netty.threadLocalMap.stringBuilder.initialSize: 1024
[DEBUG] 2023-05-15 19:55:41.042 [main] InternalThreadLocalMap - -Dio.netty.threadLocalMap.stringBuilder.maxSize: 4096
[DEBUG] 2023-05-15 19:55:41.124 [main] JdkSslContext - Default protocols (JDK): [TLSv1.3, TLSv1.2] 
[DEBUG] 2023-05-15 19:55:41.124 [main] JdkSslContext - Default cipher suites (JDK): [TLS_ECDHE_ECDSA_WITH_AES_256_GCM_SHA384, TLS_ECDHE_ECDSA_WITH_AES_128_GCM_SHA256, TLS_ECDHE_RSA_WITH_AES_128_GCM_SHA256, TLS_ECDHE_RSA_WITH_AES_256_GCM_SHA384, TLS_ECDHE_RSA_WITH_AES_128_CBC_SHA, TLS_ECDHE_RSA_WITH_AES_256_CBC_SHA, TLS_RSA_WITH_AES_128_GCM_SHA256, TLS_RSA_WITH_AES_128_CBC_SHA, TLS_RSA_WITH_AES_256_CBC_SHA, TLS_AES_128_GCM_SHA256, TLS_AES_256_GCM_SHA384]
[DEBUG] 2023-05-15 19:55:41.138 [main] MultithreadEventLoopGroup - -Dio.netty.eventLoopThreads: 16
[DEBUG] 2023-05-15 19:55:41.143 [main] NioEventLoop - -Dio.netty.noKeySetOptimization: false
[DEBUG] 2023-05-15 19:55:41.143 [main] NioEventLoop - -Dio.netty.selectorAutoRebuildThreshold: 512
[DEBUG] 2023-05-15 19:55:41.158 [main] PooledByteBufAllocator - -Dio.netty.allocator.numHeapArenas: 16
[DEBUG] 2023-05-15 19:55:41.158 [main] PooledByteBufAllocator - -Dio.netty.allocator.numDirectArenas: 16
[DEBUG] 2023-05-15 19:55:41.158 [main] PooledByteBufAllocator - -Dio.netty.allocator.pageSize: 8192
[DEBUG] 2023-05-15 19:55:41.158 [main] PooledByteBufAllocator - -Dio.netty.allocator.maxOrder: 9
[DEBUG] 2023-05-15 19:55:41.158 [main] PooledByteBufAllocator - -Dio.netty.allocator.chunkSize: 4194304
[DEBUG] 2023-05-15 19:55:41.158 [main] PooledByteBufAllocator - -Dio.netty.allocator.smallCacheSize: 256
[DEBUG] 2023-05-15 19:55:41.158 [main] PooledByteBufAllocator - -Dio.netty.allocator.normalCacheSize: 64
[DEBUG] 2023-05-15 19:55:41.158 [main] PooledByteBufAllocator - -Dio.netty.allocator.maxCachedBufferCapacity: 32768
[DEBUG] 2023-05-15 19:55:41.158 [main] PooledByteBufAllocator - -Dio.netty.allocator.cacheTrimInterval: 8192
[DEBUG] 2023-05-15 19:55:41.158 [main] PooledByteBufAllocator - -Dio.netty.allocator.cacheTrimIntervalMillis: 0
[DEBUG] 2023-05-15 19:55:41.158 [main] PooledByteBufAllocator - -Dio.netty.allocator.useCacheForAllThreads: false
[DEBUG] 2023-05-15 19:55:41.158 [main] PooledByteBufAllocator - -Dio.netty.allocator.maxCachedByteBuffersPerChunk: 1023
[DEBUG] 2023-05-15 19:55:41.164 [main] ByteBufUtil - -Dio.netty.allocator.type: pooled
[DEBUG] 2023-05-15 19:55:41.164 [main] ByteBufUtil - -Dio.netty.threadLocalDirectBufferSize: 0
[DEBUG] 2023-05-15 19:55:41.164 [main] ByteBufUtil - -Dio.netty.maxThreadLocalCharBufferSize: 16384
[DEBUG] 2023-05-15 19:55:41.285 [Forwarding newSession on session null to remote] DefaultChannelId - -Dio.netty.processId: 71251 (auto-detected)
[DEBUG] 2023-05-15 19:55:41.286 [Forwarding newSession on session null to remote] NetUtil - -Djava.net.preferIPv4Stack: false
[DEBUG] 2023-05-15 19:55:41.286 [Forwarding newSession on session null to remote] NetUtil - -Djava.net.preferIPv6Addresses: false
[DEBUG] 2023-05-15 19:55:41.289 [Forwarding newSession on session null to remote] NetUtilInitializations - Loopback interface: lo0 (lo0, 0:0:0:0:0:0:0:1%lo0)
[DEBUG] 2023-05-15 19:55:41.290 [Forwarding newSession on session null to remote] NetUtil - Failed to get SOMAXCONN from sysctl and file /proc/sys/net/core/somaxconn. Default: 128
[DEBUG] 2023-05-15 19:55:41.291 [Forwarding newSession on session null to remote] DefaultChannelId - -Dio.netty.machineId: b0:be:83:ff:fe:67:87:d2 (auto-detected)
[DEBUG] 2023-05-15 19:55:41.318 [AsyncHttpClient-1-2] AbstractByteBuf - -Dio.netty.buffer.checkAccessible: true
[DEBUG] 2023-05-15 19:55:41.318 [AsyncHttpClient-1-2] AbstractByteBuf - -Dio.netty.buffer.checkBounds: true
[DEBUG] 2023-05-15 19:55:41.318 [AsyncHttpClient-1-2] ResourceLeakDetectorFactory - Loaded default ResourceLeakDetector: io.netty.util.ResourceLeakDetector@69b731fd
[DEBUG] 2023-05-15 19:55:41.360 [AsyncHttpClient-1-2] Recycler - -Dio.netty.recycler.maxCapacityPerThread: 4096
[DEBUG] 2023-05-15 19:55:41.360 [AsyncHttpClient-1-2] Recycler - -Dio.netty.recycler.ratio: 8
[DEBUG] 2023-05-15 19:55:41.360 [AsyncHttpClient-1-2] Recycler - -Dio.netty.recycler.chunkSize: 32
[DEBUG] 2023-05-15 19:55:41.360 [AsyncHttpClient-1-2] Recycler - -Dio.netty.recycler.blocking: false
[DEBUG] 2023-05-15 19:55:41.524 [AsyncHttpClient-1-2] InsecureTrustManagerFactory - Accepting a server certificate: CN=lambdatest.com
[DEBUG] 2023-05-15 19:55:41.612 [AsyncHttpClient-1-2] SslHandler - [id: 0x632b3140, L:/192.168.100.253:60209 - R:hub.lambdatest.com/43.204.87.215:443] HANDSHAKEN: protocol:TLSv1.2 cipher suite:TLS_ECDHE_RSA_WITH_AES_128_GCM_SHA256
[DEBUG] 2023-05-15 19:55:41.651 [AsyncHttpClient-1-2] Brotli - brotli4j not in the classpath; Brotli support will be unavailable.
org.openqa.selenium.SessionNotCreatedException: Could not start a new session. Response code 400. Message: Looks like browser capability is missing, please refer to capability generator https://www.lambdatest.com/capabilities-generator or contact support 
Host info: host: 'LT-MBP-191', ip: 'fe80:0:0:0:1473:cdc:677d:69e2%en0'
Build info: version: '4.8.1', revision: '8ebccac989'
System info: os.name: 'Mac OS X', os.arch: 'aarch64', os.version: '13.3.1', java.version: '11.0.18'
Driver info: org.openqa.selenium.remote.RemoteWebDriver
Command: [null, newSession {capabilities=[Capabilities {goog:chromeOptions: {args: []}, plugin: Serenity LambdaTest Plugin}], desiredCapabilities=Capabilities {goog:chromeOptions: {args: []}, plugin: Serenity LambdaTest Plugin}}]
Capabilities {goog:chromeOptions: {args: []}, plugin: Serenity LambdaTest Plugin}
]]></system-out>
    <system-err><![CDATA[SLF4J: No SLF4J providers were found.
SLF4J: Defaulting to no-operation (NOP) logger implementation
SLF4J: See http://www.slf4j.org/codes.html#noProviders for further details.
SLF4J: Class path contains SLF4J bindings targeting slf4j-api versions prior to 1.8.
SLF4J: Ignoring binding found at [jar:file:/Users/shubhamr/.m2/repository/org/slf4j/slf4j-simple/1.6.1/slf4j-simple-1.6.1.jar!/org/slf4j/impl/StaticLoggerBinder.class]
SLF4J: See http://www.slf4j.org/codes.html#ignoredBindings for an explanation.
May 15, 2023 7:55:40 PM org.openqa.selenium.remote.tracing.opentelemetry.OpenTelemetryTracer createTracer
INFO: Using OpenTelemetry for tracing
May 15, 2023 7:55:41 PM org.openqa.selenium.remote.RemoteWebDriver checkNonW3CCapabilities
WARNING: Support for Legacy Capabilities is deprecated; You are sending the following invalid capabilities: [plugin]; Please update to W3C Syntax: https://www.selenium.dev/blog/2022/legacy-protocol-support/
]]></system-err>
  </testcase>
  <testcase name="Test Google title" classname="Testing Google" time="0.072">
    <error message="Could not instantiate class net.thucydides.core.webdriver.ProvidedDriver" type="net.thucydides.core.webdriver.DriverConfigurationError">net.thucydides.core.webdriver.DriverConfigurationError: Could not instantiate class net.thucydides.core.webdriver.ProvidedDriver
Caused by: net.thucydides.core.webdriver.DriverConfigurationError: 
WebDriver was unable to create a new instance of type class net.thucydides.core.webdriver.ProvidedDriver
WebDriver reported the following message: null
See below for more details.
Caused by: java.lang.NullPointerException
</error>
    <system-out><![CDATA[-----------****************--------Test Google title
Launched
-------environmentnull---brnull
org.openqa.selenium.SessionNotCreatedException: Could not start a new session. Response code 400. Message: Looks like browser capability is missing, please refer to capability generator https://www.lambdatest.com/capabilities-generator or contact support 
Host info: host: 'LT-MBP-191', ip: 'fe80:0:0:0:1473:cdc:677d:69e2%en0'
Build info: version: '4.8.1', revision: '8ebccac989'
System info: os.name: 'Mac OS X', os.arch: 'aarch64', os.version: '13.3.1', java.version: '11.0.18'
Driver info: org.openqa.selenium.remote.RemoteWebDriver
Command: [null, newSession {capabilities=[Capabilities {goog:chromeOptions: {args: []}, plugin: Serenity LambdaTest Plugin}], desiredCapabilities=Capabilities {goog:chromeOptions: {args: []}, plugin: Serenity LambdaTest Plugin}}]
Capabilities {goog:chromeOptions: {args: []}, plugin: Serenity LambdaTest Plugin}
]]></system-out>
    <system-err><![CDATA[May 15, 2023 7:55:41 PM org.openqa.selenium.remote.RemoteWebDriver checkNonW3CCapabilities
WARNING: Support for Legacy Capabilities is deprecated; You are sending the following invalid capabilities: [plugin]; Please update to W3C Syntax: https://www.selenium.dev/blog/2022/legacy-protocol-support/
]]></system-err>
  </testcase>
</testsuite>